<?xml version="1.0" encoding="UTF-8"?>
<testng-results ignored="0" total="3" passed="2" failed="1" skipped="0">
  <reporter-output>
  </reporter-output>
  <suite started-at="2024-09-20T16:06:15 EDT" name="Smoke" finished-at="2024-09-20T16:06:29 EDT" duration-ms="13837">
    <groups>
    </groups>
    <test started-at="2024-09-20T16:06:15 EDT" name="Login" finished-at="2024-09-20T16:06:29 EDT" duration-ms="13837">
      <class name="com.salesforce.tests.Loginsalesforcetest">
        <test-method is-config="true" signature="beforemethod()[pri:0, instance:com.salesforce.tests.Loginsalesforcetest@72d6b3ba]" started-at="2024-09-20T16:06:15 EDT" name="beforemethod" finished-at="2024-09-20T16:06:20 EDT" duration-ms="4746" status="PASS">
          <reporter-output>
          </reporter-output>
        </test-method> <!-- beforemethod -->
        <test-method signature="loginapplication()[pri:1, instance:com.salesforce.tests.Loginsalesforcetest@72d6b3ba]" started-at="2024-09-20T16:06:20 EDT" name="loginapplication" finished-at="2024-09-20T16:06:23 EDT" duration-ms="3340" status="PASS">
          <reporter-output>
          </reporter-output>
        </test-method> <!-- loginapplication -->
        <test-method is-config="true" signature="teardown()[pri:0, instance:com.salesforce.tests.Loginsalesforcetest@72d6b3ba]" started-at="2024-09-20T16:06:23 EDT" name="teardown" finished-at="2024-09-20T16:06:23 EDT" duration-ms="254" status="PASS">
          <reporter-output>
          </reporter-output>
        </test-method> <!-- teardown -->
        <test-method is-config="true" signature="beforemethod()[pri:0, instance:com.salesforce.tests.Loginsalesforcetest@72d6b3ba]" started-at="2024-09-20T16:06:23 EDT" name="beforemethod" finished-at="2024-09-20T16:06:25 EDT" duration-ms="1539" status="PASS">
          <reporter-output>
          </reporter-output>
        </test-method> <!-- beforemethod -->
        <test-method signature="invalidusernameandpassword()[pri:2, instance:com.salesforce.tests.Loginsalesforcetest@72d6b3ba]" started-at="2024-09-20T16:06:25 EDT" name="invalidusernameandpassword" finished-at="2024-09-20T16:06:26 EDT" duration-ms="1191" status="FAIL">
          <exception class="java.lang.AssertionError">
            <message>
              <![CDATA[expected [check your username and password. If you still can't log in, contact your Salesforce administrator.] but found [Please check your username and password. If you still can't log in, contact your Salesforce administrator.]]]>
            </message>
            <full-stacktrace>
              <![CDATA[java.lang.AssertionError: expected [check your username and password. If you still can't log in, contact your Salesforce administrator.] but found [Please check your username and password. If you still can't log in, contact your Salesforce administrator.]
at org.testng.Assert.fail(Assert.java:111)
at org.testng.Assert.failNotEquals(Assert.java:1578)
at org.testng.Assert.assertEqualsImpl(Assert.java:150)
at org.testng.Assert.assertEquals(Assert.java:132)
at org.testng.Assert.assertEquals(Assert.java:656)
at org.testng.Assert.assertEquals(Assert.java:666)
at com.qa.base.BasePage.comparetext(BasePage.java:52)
at com.salesforce.pages.LoginPage.compareerrormessage(LoginPage.java:79)
at com.salesforce.tests.Loginsalesforcetest.invalidusernameandpassword(Loginsalesforcetest.java:78)
at java.base/jdk.internal.reflect.DirectMethodHandleAccessor.invoke(DirectMethodHandleAccessor.java:104)
at java.base/java.lang.reflect.Method.invoke(Method.java:578)
at org.testng.internal.invokers.MethodInvocationHelper.invokeMethod(MethodInvocationHelper.java:141)
at org.testng.internal.invokers.TestInvoker.invokeMethod(TestInvoker.java:686)
at org.testng.internal.invokers.TestInvoker.invokeTestMethod(TestInvoker.java:230)
at org.testng.internal.invokers.MethodRunner.runInSequence(MethodRunner.java:63)
at org.testng.internal.invokers.TestInvoker$MethodInvocationAgent.invoke(TestInvoker.java:992)
at org.testng.internal.invokers.TestInvoker.invokeTestMethods(TestInvoker.java:203)
at org.testng.internal.invokers.TestMethodWorker.invokeTestMethods(TestMethodWorker.java:154)
at org.testng.internal.invokers.TestMethodWorker.run(TestMethodWorker.java:134)
at java.base/java.util.ArrayList.forEach(ArrayList.java:1511)
at org.testng.TestRunner.privateRun(TestRunner.java:739)
at org.testng.TestRunner.run(TestRunner.java:614)
at org.testng.SuiteRunner.runTest(SuiteRunner.java:421)
at org.testng.SuiteRunner.runSequentially(SuiteRunner.java:413)
at org.testng.SuiteRunner.privateRun(SuiteRunner.java:373)
at org.testng.SuiteRunner.run(SuiteRunner.java:312)
at org.testng.SuiteRunnerWorker.runSuite(SuiteRunnerWorker.java:52)
at org.testng.SuiteRunnerWorker.run(SuiteRunnerWorker.java:95)
at org.testng.TestNG.runSuitesSequentially(TestNG.java:1274)
at org.testng.TestNG.runSuitesLocally(TestNG.java:1208)
at org.testng.TestNG.runSuites(TestNG.java:1112)
at org.testng.TestNG.run(TestNG.java:1079)
at org.testng.remote.AbstractRemoteTestNG.run(AbstractRemoteTestNG.java:115)
at org.testng.remote.RemoteTestNG.initAndRun(RemoteTestNG.java:293)
at org.testng.remote.RemoteTestNG.main(RemoteTestNG.java:91)
]]>
            </full-stacktrace>
          </exception> <!-- java.lang.AssertionError -->
          <reporter-output>
          </reporter-output>
        </test-method> <!-- invalidusernameandpassword -->
        <test-method is-config="true" signature="teardown()[pri:0, instance:com.salesforce.tests.Loginsalesforcetest@72d6b3ba]" started-at="2024-09-20T16:06:26 EDT" name="teardown" finished-at="2024-09-20T16:06:26 EDT" duration-ms="165" status="PASS">
          <reporter-output>
          </reporter-output>
        </test-method> <!-- teardown -->
        <test-method is-config="true" signature="beforemethod()[pri:0, instance:com.salesforce.tests.Loginsalesforcetest@72d6b3ba]" started-at="2024-09-20T16:06:26 EDT" name="beforemethod" finished-at="2024-09-20T16:06:28 EDT" duration-ms="1698" status="PASS">
          <reporter-output>
          </reporter-output>
        </test-method> <!-- beforemethod -->
        <test-method signature="loginapplicationwithoutpassword()[pri:3, instance:com.salesforce.tests.Loginsalesforcetest@72d6b3ba]" started-at="2024-09-20T16:06:28 EDT" name="loginapplicationwithoutpassword" finished-at="2024-09-20T16:06:29 EDT" duration-ms="502" status="PASS">
          <reporter-output>
          </reporter-output>
        </test-method> <!-- loginapplicationwithoutpassword -->
        <test-method is-config="true" signature="teardown()[pri:0, instance:com.salesforce.tests.Loginsalesforcetest@72d6b3ba]" started-at="2024-09-20T16:06:29 EDT" name="teardown" finished-at="2024-09-20T16:06:29 EDT" duration-ms="85" status="PASS">
          <reporter-output>
          </reporter-output>
        </test-method> <!-- teardown -->
      </class> <!-- com.salesforce.tests.Loginsalesforcetest -->
    </test> <!-- Login -->
  </suite> <!-- Smoke -->
</testng-results>
