<?xml version="1.0" encoding="UTF-8"?>
<!-- Generated by org.testng.reporters.JUnitReportReporter -->
<testsuite hostname="MININT-86R5IFB" failures="1" tests="5" name="com.salesforce.tests.Loginsalesforcetest" time="11.284" errors="0" timestamp="2024-09-20T16:10:54 EDT" skipped="2">
  <testcase classname="com.salesforce.tests.Loginsalesforcetest" name="loginapplication" time="5.725"/>
  <testcase classname="com.salesforce.tests.Loginsalesforcetest" name="invalidusernameandpassword" time="2.634">
    <failure message="expected [check your username and password. If you still can&#039;t log in, contact your Salesforce administrator.] but found [Please check your username and password. If you still can&#039;t log in, contact your Salesforce administrator.]" type="java.lang.AssertionError">
      <![CDATA[java.lang.AssertionError: expected [check your username and password. If you still can't log in, contact your Salesforce administrator.] but found [Please check your username and password. If you still can't log in, contact your Salesforce administrator.]
at org.testng.Assert.fail(Assert.java:111)
at org.testng.Assert.failNotEquals(Assert.java:1578)
at org.testng.Assert.assertEqualsImpl(Assert.java:150)
at org.testng.Assert.assertEquals(Assert.java:132)
at org.testng.Assert.assertEquals(Assert.java:656)
at org.testng.Assert.assertEquals(Assert.java:666)
at com.qa.base.BasePage.comparetext(BasePage.java:52)
at com.salesforce.pages.LoginPage.compareerrormessage(LoginPage.java:79)
at com.salesforce.tests.Loginsalesforcetest.invalidusernameandpassword(Loginsalesforcetest.java:78)
at java.base/jdk.internal.reflect.DirectMethodHandleAccessor.invoke(DirectMethodHandleAccessor.java:104)
at java.base/java.lang.reflect.Method.invoke(Method.java:578)
at org.testng.internal.invokers.MethodInvocationHelper.invokeMethod(MethodInvocationHelper.java:139)
at org.testng.internal.invokers.TestInvoker.invokeMethod(TestInvoker.java:664)
at org.testng.internal.invokers.TestInvoker.invokeTestMethod(TestInvoker.java:227)
at org.testng.internal.invokers.MethodRunner.runInSequence(MethodRunner.java:50)
at org.testng.internal.invokers.TestInvoker$MethodInvocationAgent.invoke(TestInvoker.java:957)
at org.testng.internal.invokers.TestInvoker.invokeTestMethods(TestInvoker.java:200)
at org.testng.internal.invokers.TestMethodWorker.invokeTestMethods(TestMethodWorker.java:148)
at org.testng.internal.invokers.TestMethodWorker.run(TestMethodWorker.java:128)
at java.base/java.util.ArrayList.forEach(ArrayList.java:1511)
at org.testng.TestRunner.privateRun(TestRunner.java:848)
at org.testng.TestRunner.run(TestRunner.java:621)
at org.testng.SuiteRunner.runTest(SuiteRunner.java:443)
at org.testng.SuiteRunner.runSequentially(SuiteRunner.java:437)
at org.testng.SuiteRunner.privateRun(SuiteRunner.java:397)
at org.testng.SuiteRunner.run(SuiteRunner.java:336)
at org.testng.SuiteRunnerWorker.runSuite(SuiteRunnerWorker.java:52)
at org.testng.SuiteRunnerWorker.run(SuiteRunnerWorker.java:95)
at org.testng.TestNG.runSuitesSequentially(TestNG.java:1280)
at org.testng.TestNG.runSuitesLocally(TestNG.java:1200)
at org.testng.TestNG.runSuites(TestNG.java:1114)
at org.testng.TestNG.run(TestNG.java:1082)
at org.apache.maven.surefire.testng.TestNGExecutor.run(TestNGExecutor.java:282)
at org.apache.maven.surefire.testng.TestNGXmlTestSuite.execute(TestNGXmlTestSuite.java:83)
at org.apache.maven.surefire.testng.TestNGProvider.invoke(TestNGProvider.java:114)
at org.apache.maven.surefire.booter.ForkedBooter.invokeProviderInSameClassLoader(ForkedBooter.java:286)
at org.apache.maven.surefire.booter.ForkedBooter.runSuitesInProcess(ForkedBooter.java:240)
at org.apache.maven.surefire.booter.ForkedBooter.main(ForkedBooter.java:121)
]]>
    </failure>
  </testcase> <!-- invalidusernameandpassword -->
  <testcase classname="com.salesforce.tests.Loginsalesforcetest" name="loginapplicationwithoutpassword" time="2.925"/>
  <testcase classname="com.salesforce.tests.Loginsalesforcetest" name="checkrememberme">
    <skipped/>
  </testcase> <!-- checkrememberme -->
  <testcase classname="com.salesforce.tests.Loginsalesforcetest" name="forgotpassword">
    <skipped/>
  </testcase> <!-- forgotpassword -->
</testsuite> <!-- com.salesforce.tests.Loginsalesforcetest -->
